<?xml version="1.0" encoding="UTF-8"?>
<!-- Generated by org.testng.reporters.JUnitReportReporter -->
<testsuite skipped="0" hostname="Mitesh" name="com.nopcommerce.demo.testsuite.LoginTest" tests="1" failures="0" timestamp="2023-05-07T12:49:20 BST" time="19.375" errors="0">
  <testcase name="verifyProductArrangeInAlphabaticalOrder" time="19.375" classname="com.nopcommerce.demo.testsuite.LoginTest"/>
  <system-out/>
</testsuite> <!-- com.nopcommerce.demo.testsuite.LoginTest -->
